13:41:12.256 INFO - Selenium build info: version: '3.4.0', revision: 'unknown'
13:41:12.256 INFO - Launching a standalone Selenium Server
2017-05-11 13:41:12.279:INFO::main: Logging initialized @287ms to org.seleniumhq.jetty9.util.log.StdErrLog
13:41:12.333 INFO - Driver provider org.openqa.selenium.ie.InternetExplorerDriver registration is skipped:
 registration capabilities Capabilities [{ensureCleanSession=true, browserName=internet explorer, version=, platform=WINDOWS}] does not match the current platform MAC
13:41:12.333 INFO - Driver provider org.openqa.selenium.edge.EdgeDriver registration is skipped:
 registration capabilities Capabilities [{browserName=MicrosoftEdge, version=, platform=WINDOWS}] does not match the current platform MAC
13:41:12.333 INFO - Driver class not found: com.opera.core.systems.OperaDriver
13:41:12.333 INFO - Driver provider com.opera.core.systems.OperaDriver registration is skipped:
Unable to create new instances on this machine.
13:41:12.334 INFO - Driver class not found: com.opera.core.systems.OperaDriver
13:41:12.334 INFO - Driver provider com.opera.core.systems.OperaDriver is not registered
2017-05-11 13:41:12.378:INFO:osjs.Server:main: jetty-9.4.3.v20170317
2017-05-11 13:41:12.418:INFO:osjsh.ContextHandler:main: Started o.s.j.s.ServletContextHandler@6f7fd0e6{/,null,AVAILABLE}
2017-05-11 13:41:12.461:INFO:osjs.AbstractConnector:main: Started ServerConnector@271053e1{HTTP/1.1,[http/1.1]}{0.0.0.0:4444}
2017-05-11 13:41:12.462:INFO:osjs.Server:main: Started @470ms
13:41:12.462 INFO - Selenium Server is up and running
13:41:13.230 INFO - SessionCleaner initialized with insideBrowserTimeout 0 and clientGoneTimeout 1800000 polling every 180000
13:41:13.276 INFO - Executing: [new session: Capabilities [{acceptSslCerts=true, name=Simple Test, browserName=chrome, javascriptEnabled=true, platform=ANY}]])
13:41:13.389 INFO - Creating a new session for Capabilities [{acceptSslCerts=true, name=Simple Test, browserName=chrome, javascriptEnabled=true, platform=ANY}]
Starting ChromeDriver 2.29.461585 (0be2cd95f834e9ee7c46bcc7cf405b483f5ae83b) on port 11710
Only local connections are allowed.
13:41:15.652 INFO - Detected dialect: OSS
13:41:15.679 INFO - Done: [new session: Capabilities [{acceptSslCerts=true, name=Simple Test, browserName=chrome, javascriptEnabled=true, platform=ANY}]]
13:41:15.705 INFO - Executing: [get: http://10.200.1.63:3000/])
13:42:00.767 INFO - Done: [get: http://10.200.1.63:3000/]
13:42:00.780 INFO - Executing: [find elements: By.cssSelector: body])
13:42:00.839 INFO - Done: [find elements: By.cssSelector: body]
13:42:00.852 INFO - Executing: [is displayed: 0 [[ChromeDriver: chrome on MAC (181748bfade9b9bec8d003ff6de40626)] -> css selector: body]])
13:42:00.891 INFO - Done: [is displayed: 0 [[ChromeDriver: chrome on MAC (181748bfade9b9bec8d003ff6de40626)] -> css selector: body]]
13:42:01.013 INFO - Executing: [get: http://10.200.1.63:3000/])
13:42:01.263 INFO - Done: [get: http://10.200.1.63:3000/]
13:42:01.267 INFO - Executing: [find elements: By.cssSelector: body])
13:42:01.286 INFO - Done: [find elements: By.cssSelector: body]
13:42:01.294 INFO - Executing: [is displayed: 1 [[ChromeDriver: chrome on MAC (181748bfade9b9bec8d003ff6de40626)] -> css selector: body]])
13:42:01.316 INFO - Done: [is displayed: 1 [[ChromeDriver: chrome on MAC (181748bfade9b9bec8d003ff6de40626)] -> css selector: body]]
13:42:01.321 INFO - Executing: [find element: By.cssSelector: #myToggle])
13:42:01.345 INFO - Done: [find element: By.cssSelector: #myToggle]
13:42:01.349 INFO - Executing: [click: 2 [[ChromeDriver: chrome on MAC (181748bfade9b9bec8d003ff6de40626)] -> css selector: #myToggle]])
13:42:02.705 WARN - Exception thrown
org.openqa.selenium.WebDriverException: unknown error: Element <input type="checkbox" id="myToggle" class="react-toggle-screenreader-only" value="on"> is not clickable at point (530, 123). Other element would receive the click: <div class="Content">...</div>
  (Session info: chrome=57.0.2987.133)
  (Driver info: chromedriver=2.29.461585 (0be2cd95f834e9ee7c46bcc7cf405b483f5ae83b),platform=Mac OS X 10.12.4 x86_64) (WARNING: The server did not provide any stacktrace information)
Command duration or timeout: 60 milliseconds
Build info: version: '3.4.0', revision: 'unknown', time: 'unknown'
System info: host: 'dhcp-214-247.vpn.tu-berlin.de', ip: '2a02:8109:8900:3258:2db8:d96d:a8df:47e2', os.name: 'Mac OS X', os.arch: 'x86_64', os.version: '10.12.4', java.version: '1.8.0_131'
Driver info: org.openqa.selenium.chrome.ChromeDriver
Capabilities [{applicationCacheEnabled=false, rotatable=false, mobileEmulationEnabled=false, networkConnectionEnabled=false, chrome={chromedriverVersion=2.29.461585 (0be2cd95f834e9ee7c46bcc7cf405b483f5ae83b), userDataDir=/var/folders/bs/7lc_4jvd59zcyz8pc5bf2y4r0000gn/T/.org.chromium.Chromium.uPCCWZ}, takesHeapSnapshot=true, pageLoadStrategy=normal, databaseEnabled=false, handlesAlerts=true, hasTouchScreen=false, version=57.0.2987.133, platform=MAC, browserConnectionEnabled=false, nativeEvents=true, acceptSslCerts=true, locationContextEnabled=true, webStorageEnabled=true, browserName=chrome, takesScreenshot=true, javascriptEnabled=true, cssSelectorsEnabled=true, unexpectedAlertBehaviour=}]
Session ID: 181748bfade9b9bec8d003ff6de40626
	at sun.reflect.NativeConstructorAccessorImpl.newInstance0(Native Method)
	at sun.reflect.NativeConstructorAccessorImpl.newInstance(NativeConstructorAccessorImpl.java:62)
	at sun.reflect.DelegatingConstructorAccessorImpl.newInstance(DelegatingConstructorAccessorImpl.java:45)
	at java.lang.reflect.Constructor.newInstance(Constructor.java:423)
	at org.openqa.selenium.remote.ErrorHandler.createThrowable(ErrorHandler.java:215)
	at org.openqa.selenium.remote.ErrorHandler.throwIfResponseFailed(ErrorHandler.java:167)
	at org.openqa.selenium.remote.RemoteWebDriver.execute(RemoteWebDriver.java:671)
	at org.openqa.selenium.remote.RemoteWebElement.execute(RemoteWebElement.java:272)
	at org.openqa.selenium.remote.RemoteWebElement.click(RemoteWebElement.java:82)
	at sun.reflect.NativeMethodAccessorImpl.invoke0(Native Method)
	at sun.reflect.NativeMethodAccessorImpl.invoke(NativeMethodAccessorImpl.java:62)
	at sun.reflect.DelegatingMethodAccessorImpl.invoke(DelegatingMethodAccessorImpl.java:43)
	at java.lang.reflect.Method.invoke(Method.java:498)
	at org.openqa.selenium.support.events.EventFiringWebDriver$EventFiringWebElement$1.invoke(EventFiringWebDriver.java:332)
	at com.sun.proxy.$Proxy5.click(Unknown Source)
	at org.openqa.selenium.support.events.EventFiringWebDriver$EventFiringWebElement.click(EventFiringWebDriver.java:345)
	at sun.reflect.NativeMethodAccessorImpl.invoke0(Native Method)
	at sun.reflect.NativeMethodAccessorImpl.invoke(NativeMethodAccessorImpl.java:62)
	at sun.reflect.DelegatingMethodAccessorImpl.invoke(DelegatingMethodAccessorImpl.java:43)
	at java.lang.reflect.Method.invoke(Method.java:498)
	at org.openqa.selenium.remote.server.KnownElements$1.invoke(KnownElements.java:64)
	at com.sun.proxy.$Proxy6.click(Unknown Source)
	at org.openqa.selenium.remote.server.handler.ClickElement.call(ClickElement.java:30)
	at org.openqa.selenium.remote.server.handler.ClickElement.call(ClickElement.java:22)
	at java.util.concurrent.FutureTask.run(FutureTask.java:266)
	at org.openqa.selenium.remote.server.DefaultSession$1.run(DefaultSession.java:176)
	at java.util.concurrent.ThreadPoolExecutor.runWorker(ThreadPoolExecutor.java:1142)
	at java.util.concurrent.ThreadPoolExecutor$Worker.run(ThreadPoolExecutor.java:617)
	at java.lang.Thread.run(Thread.java:748)
13:42:02.709 WARN - Exception: unknown error: Element <input type="checkbox" id="myToggle" class="react-toggle-screenreader-only" value="on"> is not clickable at point (530, 123). Other element would receive the click: <div class="Content">...</div>
  (Session info: chrome=57.0.2987.133)
  (Driver info: chromedriver=2.29.461585 (0be2cd95f834e9ee7c46bcc7cf405b483f5ae83b),platform=Mac OS X 10.12.4 x86_64) (WARNING: The server did not provide any stacktrace information)
Command duration or timeout: 60 milliseconds
Build info: version: '3.4.0', revision: 'unknown', time: 'unknown'
System info: host: 'dhcp-214-247.vpn.tu-berlin.de', ip: '2a02:8109:8900:3258:2db8:d96d:a8df:47e2', os.name: 'Mac OS X', os.arch: 'x86_64', os.version: '10.12.4', java.version: '1.8.0_131'
Driver info: org.openqa.selenium.chrome.ChromeDriver
Capabilities [{applicationCacheEnabled=false, rotatable=false, mobileEmulationEnabled=false, networkConnectionEnabled=false, chrome={chromedriverVersion=2.29.461585 (0be2cd95f834e9ee7c46bcc7cf405b483f5ae83b), userDataDir=/var/folders/bs/7lc_4jvd59zcyz8pc5bf2y4r0000gn/T/.org.chromium.Chromium.uPCCWZ}, takesHeapSnapshot=true, pageLoadStrategy=normal, databaseEnabled=false, handlesAlerts=true, hasTouchScreen=false, version=57.0.2987.133, platform=MAC, browserConnectionEnabled=false, nativeEvents=true, acceptSslCerts=true, locationContextEnabled=true, webStorageEnabled=true, browserName=chrome, takesScreenshot=true, javascriptEnabled=true, cssSelectorsEnabled=true, unexpectedAlertBehaviour=}]
Session ID: 181748bfade9b9bec8d003ff6de40626
13:42:02.912 INFO - Executing: [find element: By.cssSelector: #incrementCounter])
13:42:02.933 INFO - Done: [find element: By.cssSelector: #incrementCounter]
13:42:02.938 INFO - Executing: [click: 3 [[ChromeDriver: chrome on MAC (181748bfade9b9bec8d003ff6de40626)] -> css selector: #incrementCounter]])
13:42:03.002 INFO - Done: [click: 3 [[ChromeDriver: chrome on MAC (181748bfade9b9bec8d003ff6de40626)] -> css selector: #incrementCounter]]
13:42:03.064 INFO - Executing: [find element: By.cssSelector: #incrementCounter])
13:42:03.075 INFO - Done: [find element: By.cssSelector: #incrementCounter]
13:42:03.080 INFO - Executing: [click: 3 [[ChromeDriver: chrome on MAC (181748bfade9b9bec8d003ff6de40626)] -> css selector: #incrementCounter]])
13:42:03.115 INFO - Done: [click: 3 [[ChromeDriver: chrome on MAC (181748bfade9b9bec8d003ff6de40626)] -> css selector: #incrementCounter]]
13:42:03.173 INFO - Executing: [find element: By.cssSelector: #incrementCounter])
13:42:03.182 INFO - Done: [find element: By.cssSelector: #incrementCounter]
13:42:03.185 INFO - Executing: [click: 3 [[ChromeDriver: chrome on MAC (181748bfade9b9bec8d003ff6de40626)] -> css selector: #incrementCounter]])
13:42:03.216 INFO - Done: [click: 3 [[ChromeDriver: chrome on MAC (181748bfade9b9bec8d003ff6de40626)] -> css selector: #incrementCounter]]
13:42:03.275 INFO - Executing: [find element: By.cssSelector: #incrementCounter])
13:42:03.287 INFO - Done: [find element: By.cssSelector: #incrementCounter]
13:42:03.291 INFO - Executing: [click: 3 [[ChromeDriver: chrome on MAC (181748bfade9b9bec8d003ff6de40626)] -> css selector: #incrementCounter]])
13:42:03.323 INFO - Done: [click: 3 [[ChromeDriver: chrome on MAC (181748bfade9b9bec8d003ff6de40626)] -> css selector: #incrementCounter]]
13:42:03.383 INFO - Executing: [find element: By.cssSelector: #incrementCounter])
13:42:03.393 INFO - Done: [find element: By.cssSelector: #incrementCounter]
13:42:03.397 INFO - Executing: [click: 3 [[ChromeDriver: chrome on MAC (181748bfade9b9bec8d003ff6de40626)] -> css selector: #incrementCounter]])
13:42:03.428 INFO - Done: [click: 3 [[ChromeDriver: chrome on MAC (181748bfade9b9bec8d003ff6de40626)] -> css selector: #incrementCounter]]
13:42:03.489 INFO - Executing: [find element: By.cssSelector: #incrementCounter])
13:42:03.499 INFO - Done: [find element: By.cssSelector: #incrementCounter]
13:42:03.504 INFO - Executing: [click: 3 [[ChromeDriver: chrome on MAC (181748bfade9b9bec8d003ff6de40626)] -> css selector: #incrementCounter]])
13:42:03.533 INFO - Done: [click: 3 [[ChromeDriver: chrome on MAC (181748bfade9b9bec8d003ff6de40626)] -> css selector: #incrementCounter]]
13:42:03.594 INFO - Executing: [find element: By.cssSelector: #incrementCounter])
13:42:03.604 INFO - Done: [find element: By.cssSelector: #incrementCounter]
13:42:03.607 INFO - Executing: [click: 3 [[ChromeDriver: chrome on MAC (181748bfade9b9bec8d003ff6de40626)] -> css selector: #incrementCounter]])
13:42:03.638 INFO - Done: [click: 3 [[ChromeDriver: chrome on MAC (181748bfade9b9bec8d003ff6de40626)] -> css selector: #incrementCounter]]
13:42:03.697 INFO - Executing: [find element: By.cssSelector: #incrementCounter])
13:42:03.707 INFO - Done: [find element: By.cssSelector: #incrementCounter]
13:42:03.710 INFO - Executing: [click: 3 [[ChromeDriver: chrome on MAC (181748bfade9b9bec8d003ff6de40626)] -> css selector: #incrementCounter]])
13:42:03.740 INFO - Done: [click: 3 [[ChromeDriver: chrome on MAC (181748bfade9b9bec8d003ff6de40626)] -> css selector: #incrementCounter]]
13:42:03.799 INFO - Executing: [find element: By.cssSelector: #incrementCounter])
13:42:03.809 INFO - Done: [find element: By.cssSelector: #incrementCounter]
13:42:03.813 INFO - Executing: [click: 3 [[ChromeDriver: chrome on MAC (181748bfade9b9bec8d003ff6de40626)] -> css selector: #incrementCounter]])
13:42:03.845 INFO - Done: [click: 3 [[ChromeDriver: chrome on MAC (181748bfade9b9bec8d003ff6de40626)] -> css selector: #incrementCounter]]
13:42:03.901 INFO - Executing: [find element: By.cssSelector: #incrementCounter])
13:42:03.910 INFO - Done: [find element: By.cssSelector: #incrementCounter]
13:42:03.915 INFO - Executing: [click: 3 [[ChromeDriver: chrome on MAC (181748bfade9b9bec8d003ff6de40626)] -> css selector: #incrementCounter]])
13:42:03.947 INFO - Done: [click: 3 [[ChromeDriver: chrome on MAC (181748bfade9b9bec8d003ff6de40626)] -> css selector: #incrementCounter]]
13:42:05.016 INFO - Executing: [find element: By.cssSelector: #addItemField])
13:42:05.037 INFO - Done: [find element: By.cssSelector: #addItemField]
13:42:05.042 INFO - Executing: [send keys: 4 [[ChromeDriver: chrome on MAC (181748bfade9b9bec8d003ff6de40626)] -> css selector: #addItemField], [n, i, g, h, t, w, a, t, c, h,  , 0]])
13:42:05.272 INFO - Done: [send keys: 4 [[ChromeDriver: chrome on MAC (181748bfade9b9bec8d003ff6de40626)] -> css selector: #addItemField], [n, i, g, h, t, w, a, t, c, h,  , 0]]
13:42:05.479 INFO - Executing: [find element: By.cssSelector: #addItemBtn])
13:42:05.504 INFO - Done: [find element: By.cssSelector: #addItemBtn]
13:42:05.507 INFO - Executing: [click: 5 [[ChromeDriver: chrome on MAC (181748bfade9b9bec8d003ff6de40626)] -> css selector: #addItemBtn]])
13:42:05.571 INFO - Done: [click: 5 [[ChromeDriver: chrome on MAC (181748bfade9b9bec8d003ff6de40626)] -> css selector: #addItemBtn]]
13:42:05.575 INFO - Executing: [find element: By.cssSelector: #addItemField])
13:42:05.586 INFO - Done: [find element: By.cssSelector: #addItemField]
13:42:05.590 INFO - Executing: [send keys: 4 [[ChromeDriver: chrome on MAC (181748bfade9b9bec8d003ff6de40626)] -> css selector: #addItemField], [n, i, g, h, t, w, a, t, c, h,  , 1]])
13:42:05.739 INFO - Done: [send keys: 4 [[ChromeDriver: chrome on MAC (181748bfade9b9bec8d003ff6de40626)] -> css selector: #addItemField], [n, i, g, h, t, w, a, t, c, h,  , 1]]
13:42:05.948 INFO - Executing: [find element: By.cssSelector: #addItemBtn])
13:42:05.958 INFO - Done: [find element: By.cssSelector: #addItemBtn]
13:42:05.961 INFO - Executing: [click: 5 [[ChromeDriver: chrome on MAC (181748bfade9b9bec8d003ff6de40626)] -> css selector: #addItemBtn]])
13:42:05.992 INFO - Done: [click: 5 [[ChromeDriver: chrome on MAC (181748bfade9b9bec8d003ff6de40626)] -> css selector: #addItemBtn]]
13:42:05.996 INFO - Executing: [find element: By.cssSelector: #addItemField])
13:42:06.006 INFO - Done: [find element: By.cssSelector: #addItemField]
13:42:06.010 INFO - Executing: [send keys: 4 [[ChromeDriver: chrome on MAC (181748bfade9b9bec8d003ff6de40626)] -> css selector: #addItemField], [n, i, g, h, t, w, a, t, c, h,  , 2]])
13:42:06.158 INFO - Done: [send keys: 4 [[ChromeDriver: chrome on MAC (181748bfade9b9bec8d003ff6de40626)] -> css selector: #addItemField], [n, i, g, h, t, w, a, t, c, h,  , 2]]
13:42:06.368 INFO - Executing: [find element: By.cssSelector: #addItemBtn])
13:42:06.377 INFO - Done: [find element: By.cssSelector: #addItemBtn]
13:42:06.380 INFO - Executing: [click: 5 [[ChromeDriver: chrome on MAC (181748bfade9b9bec8d003ff6de40626)] -> css selector: #addItemBtn]])
13:42:06.412 INFO - Done: [click: 5 [[ChromeDriver: chrome on MAC (181748bfade9b9bec8d003ff6de40626)] -> css selector: #addItemBtn]]
13:42:06.416 INFO - Executing: [find element: By.cssSelector: #addItemField])
13:42:06.428 INFO - Done: [find element: By.cssSelector: #addItemField]
13:42:06.433 INFO - Executing: [send keys: 4 [[ChromeDriver: chrome on MAC (181748bfade9b9bec8d003ff6de40626)] -> css selector: #addItemField], [n, i, g, h, t, w, a, t, c, h,  , 3]])
13:42:06.573 INFO - Done: [send keys: 4 [[ChromeDriver: chrome on MAC (181748bfade9b9bec8d003ff6de40626)] -> css selector: #addItemField], [n, i, g, h, t, w, a, t, c, h,  , 3]]
13:42:06.781 INFO - Executing: [find element: By.cssSelector: #addItemBtn])
13:42:06.791 INFO - Done: [find element: By.cssSelector: #addItemBtn]
13:42:06.794 INFO - Executing: [click: 5 [[ChromeDriver: chrome on MAC (181748bfade9b9bec8d003ff6de40626)] -> css selector: #addItemBtn]])
13:42:06.826 INFO - Done: [click: 5 [[ChromeDriver: chrome on MAC (181748bfade9b9bec8d003ff6de40626)] -> css selector: #addItemBtn]]
13:42:06.830 INFO - Executing: [find element: By.cssSelector: #addItemField])
13:42:06.841 INFO - Done: [find element: By.cssSelector: #addItemField]
13:42:06.844 INFO - Executing: [send keys: 4 [[ChromeDriver: chrome on MAC (181748bfade9b9bec8d003ff6de40626)] -> css selector: #addItemField], [n, i, g, h, t, w, a, t, c, h,  , 4]])
13:42:06.974 INFO - Done: [send keys: 4 [[ChromeDriver: chrome on MAC (181748bfade9b9bec8d003ff6de40626)] -> css selector: #addItemField], [n, i, g, h, t, w, a, t, c, h,  , 4]]
13:42:07.180 INFO - Executing: [find element: By.cssSelector: #addItemBtn])
13:42:07.190 INFO - Done: [find element: By.cssSelector: #addItemBtn]
13:42:07.193 INFO - Executing: [click: 5 [[ChromeDriver: chrome on MAC (181748bfade9b9bec8d003ff6de40626)] -> css selector: #addItemBtn]])
13:42:07.229 INFO - Done: [click: 5 [[ChromeDriver: chrome on MAC (181748bfade9b9bec8d003ff6de40626)] -> css selector: #addItemBtn]]
13:42:07.233 INFO - Executing: [find element: By.cssSelector: #addItemField])
13:42:07.242 INFO - Done: [find element: By.cssSelector: #addItemField]
13:42:07.246 INFO - Executing: [send keys: 4 [[ChromeDriver: chrome on MAC (181748bfade9b9bec8d003ff6de40626)] -> css selector: #addItemField], [n, i, g, h, t, w, a, t, c, h,  , 5]])
13:42:07.374 INFO - Done: [send keys: 4 [[ChromeDriver: chrome on MAC (181748bfade9b9bec8d003ff6de40626)] -> css selector: #addItemField], [n, i, g, h, t, w, a, t, c, h,  , 5]]
13:42:07.583 INFO - Executing: [find element: By.cssSelector: #addItemBtn])
13:42:07.592 INFO - Done: [find element: By.cssSelector: #addItemBtn]
13:42:07.595 INFO - Executing: [click: 5 [[ChromeDriver: chrome on MAC (181748bfade9b9bec8d003ff6de40626)] -> css selector: #addItemBtn]])
13:42:07.628 INFO - Done: [click: 5 [[ChromeDriver: chrome on MAC (181748bfade9b9bec8d003ff6de40626)] -> css selector: #addItemBtn]]
13:42:07.634 INFO - Executing: [find element: By.cssSelector: #addItemField])
13:42:07.643 INFO - Done: [find element: By.cssSelector: #addItemField]
13:42:07.647 INFO - Executing: [send keys: 4 [[ChromeDriver: chrome on MAC (181748bfade9b9bec8d003ff6de40626)] -> css selector: #addItemField], [n, i, g, h, t, w, a, t, c, h,  , 6]])
13:42:07.776 INFO - Done: [send keys: 4 [[ChromeDriver: chrome on MAC (181748bfade9b9bec8d003ff6de40626)] -> css selector: #addItemField], [n, i, g, h, t, w, a, t, c, h,  , 6]]
13:42:07.984 INFO - Executing: [find element: By.cssSelector: #addItemBtn])
13:42:07.994 INFO - Done: [find element: By.cssSelector: #addItemBtn]
13:42:07.997 INFO - Executing: [click: 5 [[ChromeDriver: chrome on MAC (181748bfade9b9bec8d003ff6de40626)] -> css selector: #addItemBtn]])
13:42:08.027 INFO - Done: [click: 5 [[ChromeDriver: chrome on MAC (181748bfade9b9bec8d003ff6de40626)] -> css selector: #addItemBtn]]
13:42:08.031 INFO - Executing: [find element: By.cssSelector: #addItemField])
13:42:08.041 INFO - Done: [find element: By.cssSelector: #addItemField]
13:42:08.047 INFO - Executing: [send keys: 4 [[ChromeDriver: chrome on MAC (181748bfade9b9bec8d003ff6de40626)] -> css selector: #addItemField], [n, i, g, h, t, w, a, t, c, h,  , 7]])
13:42:08.191 INFO - Done: [send keys: 4 [[ChromeDriver: chrome on MAC (181748bfade9b9bec8d003ff6de40626)] -> css selector: #addItemField], [n, i, g, h, t, w, a, t, c, h,  , 7]]
13:42:08.399 INFO - Executing: [find element: By.cssSelector: #addItemBtn])
13:42:08.408 INFO - Done: [find element: By.cssSelector: #addItemBtn]
13:42:08.411 INFO - Executing: [click: 5 [[ChromeDriver: chrome on MAC (181748bfade9b9bec8d003ff6de40626)] -> css selector: #addItemBtn]])
13:42:08.441 INFO - Done: [click: 5 [[ChromeDriver: chrome on MAC (181748bfade9b9bec8d003ff6de40626)] -> css selector: #addItemBtn]]
13:42:08.444 INFO - Executing: [find element: By.cssSelector: #addItemField])
13:42:08.454 INFO - Done: [find element: By.cssSelector: #addItemField]
13:42:08.459 INFO - Executing: [send keys: 4 [[ChromeDriver: chrome on MAC (181748bfade9b9bec8d003ff6de40626)] -> css selector: #addItemField], [n, i, g, h, t, w, a, t, c, h,  , 8]])
13:42:08.589 INFO - Done: [send keys: 4 [[ChromeDriver: chrome on MAC (181748bfade9b9bec8d003ff6de40626)] -> css selector: #addItemField], [n, i, g, h, t, w, a, t, c, h,  , 8]]
13:42:08.796 INFO - Executing: [find element: By.cssSelector: #addItemBtn])
13:42:08.805 INFO - Done: [find element: By.cssSelector: #addItemBtn]
13:42:08.808 INFO - Executing: [click: 5 [[ChromeDriver: chrome on MAC (181748bfade9b9bec8d003ff6de40626)] -> css selector: #addItemBtn]])
13:42:08.843 INFO - Done: [click: 5 [[ChromeDriver: chrome on MAC (181748bfade9b9bec8d003ff6de40626)] -> css selector: #addItemBtn]]
13:42:08.847 INFO - Executing: [find element: By.cssSelector: #addItemField])
13:42:08.858 INFO - Done: [find element: By.cssSelector: #addItemField]
13:42:08.861 INFO - Executing: [send keys: 4 [[ChromeDriver: chrome on MAC (181748bfade9b9bec8d003ff6de40626)] -> css selector: #addItemField], [n, i, g, h, t, w, a, t, c, h,  , 9]])
13:42:08.996 INFO - Done: [send keys: 4 [[ChromeDriver: chrome on MAC (181748bfade9b9bec8d003ff6de40626)] -> css selector: #addItemField], [n, i, g, h, t, w, a, t, c, h,  , 9]]
13:42:09.205 INFO - Executing: [find element: By.cssSelector: #addItemBtn])
13:42:09.214 INFO - Done: [find element: By.cssSelector: #addItemBtn]
13:42:09.216 INFO - Executing: [click: 5 [[ChromeDriver: chrome on MAC (181748bfade9b9bec8d003ff6de40626)] -> css selector: #addItemBtn]])
13:42:09.246 INFO - Done: [click: 5 [[ChromeDriver: chrome on MAC (181748bfade9b9bec8d003ff6de40626)] -> css selector: #addItemBtn]]
13:42:10.257 INFO - Executing: [find elements: By.cssSelector: #myToggle])
13:42:10.276 INFO - Done: [find elements: By.cssSelector: #myToggle]
13:42:10.279 INFO - Executing: [is displayed: 2 [[ChromeDriver: chrome on MAC (181748bfade9b9bec8d003ff6de40626)] -> css selector: #myToggle]])
13:42:10.308 INFO - Done: [is displayed: 2 [[ChromeDriver: chrome on MAC (181748bfade9b9bec8d003ff6de40626)] -> css selector: #myToggle]]
13:42:10.318 INFO - Executing: [execute script: var passedArgs = Array.prototype.slice.call(arguments,0); return function () {
        var toggle = document.getElementById("myToggle")
        toggle.click()
      }.apply(window, passedArgs);, []])
13:42:10.343 INFO - Done: [execute script: var passedArgs = Array.prototype.slice.call(arguments,0); return function () {
        var toggle = document.getElementById("myToggle")
        toggle.click()
      }.apply(window, passedArgs);, []]
13:42:10.448 INFO - Executing: [execute script: var passedArgs = Array.prototype.slice.call(arguments,0); return function () {
        var toggle = document.getElementById("myToggle")
        toggle.click()
      }.apply(window, passedArgs);, []])
13:42:10.464 INFO - Done: [execute script: var passedArgs = Array.prototype.slice.call(arguments,0); return function () {
        var toggle = document.getElementById("myToggle")
        toggle.click()
      }.apply(window, passedArgs);, []]
13:42:10.575 INFO - Executing: [execute script: var passedArgs = Array.prototype.slice.call(arguments,0); return function () {
        var toggle = document.getElementById("myToggle")
        toggle.click()
      }.apply(window, passedArgs);, []])
13:42:10.625 INFO - Done: [execute script: var passedArgs = Array.prototype.slice.call(arguments,0); return function () {
        var toggle = document.getElementById("myToggle")
        toggle.click()
      }.apply(window, passedArgs);, []]
13:42:10.737 INFO - Executing: [execute script: var passedArgs = Array.prototype.slice.call(arguments,0); return function () {
        var toggle = document.getElementById("myToggle")
        toggle.click()
      }.apply(window, passedArgs);, []])
13:42:10.754 INFO - Done: [execute script: var passedArgs = Array.prototype.slice.call(arguments,0); return function () {
        var toggle = document.getElementById("myToggle")
        toggle.click()
      }.apply(window, passedArgs);, []]
13:42:10.869 INFO - Executing: [execute script: var passedArgs = Array.prototype.slice.call(arguments,0); return function () {
        var toggle = document.getElementById("myToggle")
        toggle.click()
      }.apply(window, passedArgs);, []])
13:42:10.886 INFO - Done: [execute script: var passedArgs = Array.prototype.slice.call(arguments,0); return function () {
        var toggle = document.getElementById("myToggle")
        toggle.click()
      }.apply(window, passedArgs);, []]
13:42:10.994 INFO - Executing: [execute script: var passedArgs = Array.prototype.slice.call(arguments,0); return function () {
        var toggle = document.getElementById("myToggle")
        toggle.click()
      }.apply(window, passedArgs);, []])
13:42:11.011 INFO - Done: [execute script: var passedArgs = Array.prototype.slice.call(arguments,0); return function () {
        var toggle = document.getElementById("myToggle")
        toggle.click()
      }.apply(window, passedArgs);, []]
13:42:11.116 INFO - Executing: [execute script: var passedArgs = Array.prototype.slice.call(arguments,0); return function () {
        var toggle = document.getElementById("myToggle")
        toggle.click()
      }.apply(window, passedArgs);, []])
13:42:11.133 INFO - Done: [execute script: var passedArgs = Array.prototype.slice.call(arguments,0); return function () {
        var toggle = document.getElementById("myToggle")
        toggle.click()
      }.apply(window, passedArgs);, []]
13:42:11.239 INFO - Executing: [execute script: var passedArgs = Array.prototype.slice.call(arguments,0); return function () {
        var toggle = document.getElementById("myToggle")
        toggle.click()
      }.apply(window, passedArgs);, []])
13:42:11.255 INFO - Done: [execute script: var passedArgs = Array.prototype.slice.call(arguments,0); return function () {
        var toggle = document.getElementById("myToggle")
        toggle.click()
      }.apply(window, passedArgs);, []]
13:42:11.362 INFO - Executing: [execute script: var passedArgs = Array.prototype.slice.call(arguments,0); return function () {
        var toggle = document.getElementById("myToggle")
        toggle.click()
      }.apply(window, passedArgs);, []])
13:42:11.378 INFO - Done: [execute script: var passedArgs = Array.prototype.slice.call(arguments,0); return function () {
        var toggle = document.getElementById("myToggle")
        toggle.click()
      }.apply(window, passedArgs);, []]
13:42:12.491 INFO - Executing: [delete session: 284e79ae-a147-46a3-a498-934c0e9dd1ed])
13:42:12.636 INFO - Done: [delete session: 284e79ae-a147-46a3-a498-934c0e9dd1ed]
